
> modern-battleship-game@1.0.0 test:coverage
> jest --coverage

PASS tests/Ship.test.ts (5.449 s)
PASS tests/Board.test.ts (5.598 s)
PASS tests/AIPlayer.test.ts (5.605 s)
PASS tests/Game.test.ts (5.611 s)
PASS tests/Player.test.ts (5.672 s)
-------------|---------|----------|---------|---------|----------------------------------
File         | % Stmts | % Branch | % Funcs | % Lines | Uncovered Line #s                
-------------|---------|----------|---------|---------|----------------------------------
All files    |   92.85 |    80.37 |     100 |   92.66 |                                  
 AIPlayer.ts |   95.45 |     90.9 |     100 |   95.45 | 40,85                            
 Board.ts    |      91 |    80.48 |     100 |   90.52 | 43,64,84,104,109,167,171,211,215 
 Game.ts     |    92.3 |       80 |     100 |    92.3 | 65,115,148,162-163               
 Player.ts   |    92.1 |    44.44 |     100 |   91.89 | 22,46,63                         
 Ship.ts     |     100 |      100 |     100 |     100 |                                  
-------------|---------|----------|---------|---------|----------------------------------

Test Suites: 5 passed, 5 total
Tests:       103 passed, 103 total
Snapshots:   0 total
Time:        10.606 s
Ran all test suites.
