TN:
SF:src\AIPlayer.ts
FN:10,(anonymous_0)
FN:21,(anonymous_1)
FN:62,(anonymous_2)
FN:71,(anonymous_3)
FN:93,(anonymous_4)
FN:116,(anonymous_5)
FN:129,(anonymous_6)
FN:136,(anonymous_7)
FN:143,(anonymous_8)
FN:150,(anonymous_9)
FNF:10
FNH:10
FNDA:49,(anonymous_0)
FNDA:39,(anonymous_1)
FNDA:34,(anonymous_2)
FNDA:43,(anonymous_3)
FNDA:12,(anonymous_4)
FNDA:48,(anonymous_5)
FNDA:4,(anonymous_6)
FNDA:7,(anonymous_7)
FNDA:6,(anonymous_8)
FNDA:3,(anonymous_9)
DA:1,2
DA:5,2
DA:11,49
DA:12,49
DA:13,49
DA:14,49
DA:23,39
DA:24,39
DA:26,39
DA:27,49
DA:28,15
DA:30,34
DA:31,34
DA:33,49
DA:39,39
DA:40,0
DA:44,39
DA:47,39
DA:50,39
DA:52,39
DA:63,34
DA:64,34
DA:65,34
DA:72,43
DA:73,13
DA:75,1
DA:76,1
DA:79,12
DA:80,12
DA:84,30
DA:85,0
DA:94,12
DA:96,12
DA:103,12
DA:104,48
DA:105,40
DA:106,40
DA:107,34
DA:117,48
DA:130,4
DA:137,7
DA:144,6
DA:151,3
DA:152,3
LF:44
LH:42
BRDA:27,0,0,15
BRDA:27,0,1,34
BRDA:27,1,0,49
BRDA:27,1,1,15
BRDA:35,2,0,49
BRDA:35,2,1,39
BRDA:35,2,2,10
BRDA:39,3,0,0
BRDA:72,4,0,13
BRDA:72,4,1,30
BRDA:73,5,0,1
BRDA:73,5,1,12
BRDA:84,6,0,0
BRDA:84,7,0,30
BRDA:84,7,1,8
BRDA:104,8,0,40
BRDA:106,9,0,34
BRDA:118,10,0,48
BRDA:118,10,1,47
BRDA:118,10,2,47
BRDA:118,10,3,46
BRDA:118,10,4,46
BRF:22
BRH:20
end_of_record
TN:
SF:src\Board.ts
FN:9,(anonymous_0)
FN:15,(anonymous_1)
FN:28,(anonymous_2)
FN:46,(anonymous_3)
FN:58,(anonymous_4)
FN:75,(anonymous_5)
FN:100,(anonymous_6)
FN:134,(anonymous_7)
FN:141,(anonymous_8)
FN:161,(anonymous_9)
FN:179,(anonymous_10)
FN:180,(anonymous_11)
FN:186,(anonymous_12)
FN:193,(anonymous_13)
FN:194,(anonymous_14)
FN:200,(anonymous_15)
FN:207,(anonymous_16)
FNF:17
FNH:17
FNDA:162,(anonymous_0)
FNDA:162,(anonymous_1)
FNDA:304,(anonymous_2)
FNDA:326,(anonymous_3)
FNDA:326,(anonymous_4)
FNDA:304,(anonymous_5)
FNDA:112,(anonymous_6)
FNDA:1190,(anonymous_7)
FNDA:189,(anonymous_8)
FNDA:8,(anonymous_9)
FNDA:2,(anonymous_10)
FNDA:20,(anonymous_11)
FNDA:11,(anonymous_12)
FNDA:20,(anonymous_13)
FNDA:41,(anonymous_14)
FNDA:2,(anonymous_15)
FNDA:77,(anonymous_16)
DA:2,4
DA:4,4
DA:10,162
DA:11,162
DA:12,162
DA:16,162
DA:17,162
DA:18,1586
DA:20,162
DA:29,304
DA:30,304
DA:32,304
DA:33,326
DA:34,326
DA:36,326
DA:37,304
DA:38,304
DA:40,22
DA:43,0
DA:47,326
DA:48,154
DA:49,154
DA:50,154
DA:52,172
DA:53,172
DA:54,172
DA:59,326
DA:60,954
DA:61,954
DA:63,954
DA:64,0
DA:67,954
DA:68,954
DA:69,22
DA:72,304
DA:76,304
DA:78,304
DA:79,913
DA:80,913
DA:82,913
DA:83,913
DA:84,0
DA:86,913
DA:87,913
DA:90,304
DA:91,304
DA:92,304
DA:101,112
DA:103,107
DA:104,0
DA:107,107
DA:108,107
DA:109,0
DA:113,107
DA:114,1
DA:118,106
DA:119,174
DA:120,57
DA:121,57
DA:122,57
DA:127,49
DA:128,49
DA:135,1190
DA:142,189
DA:143,5
DA:146,184
DA:147,184
DA:148,184
DA:149,184
DA:151,184
DA:152,1
DA:155,183
DA:162,8
DA:163,4
DA:165,4
DA:166,4
DA:167,0
DA:169,4
DA:170,4
DA:171,0
DA:173,4
DA:180,20
DA:187,11
DA:194,41
DA:201,2
DA:208,77
DA:209,77
DA:210,76
DA:211,0
DA:213,76
DA:214,76
DA:215,0
DA:217,76
DA:218,76
DA:220,1
LF:95
LH:86
BRDA:33,0,0,154
BRDA:33,0,1,172
BRDA:36,1,0,304
BRDA:36,2,0,326
BRDA:36,2,1,326
BRDA:47,3,0,154
BRDA:47,3,1,172
BRDA:60,4,0,454
BRDA:60,4,1,500
BRDA:61,5,0,454
BRDA:61,5,1,500
BRDA:63,6,0,0
BRDA:68,7,0,22
BRDA:68,8,0,954
BRDA:68,8,1,954
BRDA:79,9,0,439
BRDA:79,9,1,474
BRDA:80,10,0,439
BRDA:80,10,1,474
BRDA:83,11,0,0
BRDA:103,12,0,0
BRDA:108,13,0,0
BRDA:113,14,0,1
BRDA:113,15,0,107
BRDA:113,15,1,106
BRDA:119,16,0,57
BRDA:135,17,0,1190
BRDA:135,17,1,1188
BRDA:135,17,2,1185
BRDA:135,17,3,1183
BRDA:142,18,0,5
BRDA:151,19,0,1
BRDA:151,20,0,184
BRDA:151,20,1,183
BRDA:162,21,0,4
BRDA:166,22,0,0
BRDA:170,23,0,0
BRDA:210,24,0,0
BRDA:214,25,0,0
BRDA:218,26,0,76
BRDA:218,26,1,76
BRF:41
BRH:33
end_of_record
TN:
SF:src\Game.ts
FN:11,(anonymous_0)
FN:35,(anonymous_1)
FN:129,(anonymous_2)
FN:180,(anonymous_3)
FN:187,(anonymous_4)
FN:194,(anonymous_5)
FN:201,(anonymous_6)
FN:208,(anonymous_7)
FN:215,(anonymous_8)
FN:229,(anonymous_9)
FN:250,(anonymous_10)
FN:257,(anonymous_11)
FN:266,(anonymous_12)
FNF:13
FNH:13
FNDA:28,(anonymous_0)
FNDA:37,(anonymous_1)
FNDA:16,(anonymous_2)
FNDA:32,(anonymous_3)
FNDA:4,(anonymous_4)
FNDA:13,(anonymous_5)
FNDA:6,(anonymous_6)
FNDA:12,(anonymous_7)
FNDA:3,(anonymous_8)
FNDA:3,(anonymous_9)
FNDA:35,(anonymous_10)
FNDA:26,(anonymous_11)
FNDA:26,(anonymous_12)
DA:1,1
DA:2,1
DA:5,1
DA:12,28
DA:19,28
DA:20,28
DA:22,28
DA:42,37
DA:43,1
DA:46,36
DA:47,1
DA:50,35
DA:52,35
DA:53,9
DA:63,26
DA:64,26
DA:65,0
DA:74,26
DA:76,26
DA:77,1
DA:87,25
DA:88,4
DA:92,25
DA:93,13
DA:95,12
DA:99,25
DA:100,1
DA:101,1
DA:103,24
DA:106,25
DA:115,0
DA:136,16
DA:137,1
DA:140,15
DA:141,1
DA:144,14
DA:147,14
DA:148,0
DA:152,14
DA:153,4
DA:157,10
DA:161,14
DA:162,0
DA:163,0
DA:165,14
DA:168,14
DA:181,32
DA:188,4
DA:195,13
DA:202,6
DA:209,12
DA:216,3
DA:218,1
DA:220,1
DA:222,1
DA:231,3
DA:232,3
DA:235,3
DA:236,3
DA:239,3
DA:251,35
DA:258,26
DA:259,26
DA:260,26
DA:267,26
LF:65
LH:60
BRDA:42,0,0,1
BRDA:46,1,0,1
BRDA:52,2,0,9
BRDA:64,3,0,0
BRDA:76,4,0,1
BRDA:87,5,0,4
BRDA:92,6,0,13
BRDA:92,6,1,12
BRDA:93,7,0,4
BRDA:93,7,1,9
BRDA:99,8,0,1
BRDA:99,8,1,24
BRDA:120,9,0,0
BRDA:120,9,1,0
BRDA:136,10,0,1
BRDA:140,11,0,1
BRDA:147,12,0,0
BRDA:152,13,0,4
BRDA:152,13,1,10
BRDA:153,14,0,0
BRDA:153,14,1,4
BRDA:161,15,0,0
BRDA:161,15,1,14
BRDA:216,16,0,1
BRDA:216,16,1,1
BRDA:216,16,2,1
BRDA:267,17,0,26
BRDA:267,17,1,26
BRDA:267,17,2,26
BRDA:267,17,3,26
BRF:30
BRH:24
end_of_record
TN:
SF:src\Player.ts
FN:9,(anonymous_0)
FN:18,(anonymous_1)
FN:32,(anonymous_2)
FN:71,(anonymous_3)
FN:83,(anonymous_4)
FN:90,(anonymous_5)
FN:97,(anonymous_6)
FN:104,(anonymous_7)
FN:111,(anonymous_8)
FN:118,(anonymous_9)
FN:125,(anonymous_10)
FNF:11
FNH:11
FNDA:100,(anonymous_0)
FNDA:100,(anonymous_1)
FNDA:42,(anonymous_2)
FNDA:24,(anonymous_3)
FNDA:2,(anonymous_4)
FNDA:4,(anonymous_5)
FNDA:48,(anonymous_6)
FNDA:8,(anonymous_7)
FNDA:9,(anonymous_8)
FNDA:40,(anonymous_9)
FNDA:46,(anonymous_10)
DA:1,3
DA:4,3
DA:10,100
DA:11,100
DA:12,100
DA:15,100
DA:19,100
DA:20,294
DA:21,294
DA:22,0
DA:34,42
DA:35,2
DA:39,40
DA:40,6
DA:44,34
DA:45,34
DA:46,0
DA:50,34
DA:51,1
DA:55,33
DA:58,33
DA:59,33
DA:60,33
DA:63,0
DA:72,24
DA:73,24
DA:74,23
DA:76,1
DA:84,2
DA:91,4
DA:98,48
DA:105,8
DA:112,9
DA:119,40
DA:126,46
DA:127,46
DA:128,46
LF:37
LH:34
BRDA:21,0,0,0
BRDA:34,1,0,2
BRDA:39,2,0,6
BRDA:45,3,0,0
BRDA:50,4,0,1
BRDA:63,5,0,0
BRDA:63,5,1,0
BRDA:76,6,0,1
BRDA:76,6,1,0
BRF:9
BRH:4
end_of_record
TN:
SF:src\Ship.ts
FN:8,(anonymous_0)
FN:19,(anonymous_1)
FN:32,(anonymous_2)
FN:33,(anonymous_3)
FN:39,(anonymous_4)
FN:46,(anonymous_5)
FN:53,(anonymous_6)
FN:60,(anonymous_7)
FN:67,(anonymous_8)
FN:75,(anonymous_9)
FN:78,(anonymous_10)
FNF:11
FNH:11
FNDA:366,(anonymous_0)
FNDA:185,(anonymous_1)
FNDA:102,(anonymous_2)
FNDA:211,(anonymous_3)
FNDA:6,(anonymous_4)
FNDA:22,(anonymous_5)
FNDA:7,(anonymous_6)
FNDA:2,(anonymous_7)
FNDA:5,(anonymous_8)
FNDA:2,(anonymous_9)
FNDA:6,(anonymous_10)
DA:3,5
DA:9,366
DA:10,366
DA:11,366
DA:20,185
DA:21,185
DA:22,118
DA:25,67
DA:26,67
DA:33,211
DA:40,6
DA:47,22
DA:54,7
DA:61,2
DA:68,5
DA:69,5
DA:76,2
DA:78,6
LF:18
LH:18
BRDA:21,0,0,118
BRDA:69,1,0,5
BRDA:69,1,1,4
BRDA:78,2,0,1
BRDA:78,2,1,5
BRF:5
BRH:5
end_of_record
